<?xml version="1.0" encoding="UTF-8"?>
<testng-results skipped="0" failed="0" total="1" passed="1">
  <reporter-output>
  </reporter-output>
  <suite name="Suite" duration-ms="26692" started-at="2022-02-08T07:19:18Z" finished-at="2022-02-08T07:19:45Z">
    <groups>
      <group name="cucumber">
        <method signature="AbstractTestNGCucumberTests.feature(cucumber.api.testng.CucumberFeatureWrapper)[pri:0, instance:TestRunners.RunnerTestNg@1f554b06]" name="feature" class="cucumber.api.testng.AbstractTestNGCucumberTests"/>
      </group> <!-- cucumber -->
    </groups>
    <test name="Test" duration-ms="26692" started-at="2022-02-08T07:19:18Z" finished-at="2022-02-08T07:19:45Z">
      <class name="TestRunners.RunnerTestNg">
        <test-method status="PASS" signature="setUpClass()[pri:0, instance:TestRunners.RunnerTestNg@1f554b06]" name="setUpClass" is-config="true" duration-ms="255" started-at="2022-02-08T12:49:18Z" finished-at="2022-02-08T12:49:18Z">
          <reporter-output>
          </reporter-output>
        </test-method> <!-- setUpClass -->
        <test-method status="PASS" signature="feature(cucumber.api.testng.CucumberFeatureWrapper)[pri:0, instance:TestRunners.RunnerTestNg@1f554b06]" name="feature" duration-ms="26298" started-at="2022-02-08T12:49:19Z" description="Runs Cucumber Feature" data-provider="features" finished-at="2022-02-08T12:49:45Z">
          <params>
            <param index="0">
              <value>
                <![CDATA[CSA User Login]]>
              </value>
            </param>
          </params>
          <reporter-output>
          </reporter-output>
        </test-method> <!-- feature -->
        <test-method status="PASS" signature="tearDownClass()[pri:0, instance:TestRunners.RunnerTestNg@1f554b06]" name="tearDownClass" is-config="true" duration-ms="39" started-at="2022-02-08T12:49:45Z" finished-at="2022-02-08T12:49:45Z">
          <reporter-output>
          </reporter-output>
        </test-method> <!-- tearDownClass -->
      </class> <!-- TestRunners.RunnerTestNg -->
    </test> <!-- Test -->
  </suite> <!-- Suite -->
</testng-results>
